-------------------------------------------------------------------------------
Test set: co.com.documentacion.soap.ITCompareXsdTestx
-------------------------------------------------------------------------------
Tests run: 1, Failures: 1, Errors: 0, Skipped: 0, Time elapsed: 4.256 s <<< FAILURE! - in co.com.documentacion.soap.ITCompareXsdTestx
compareTest(co.com.documentacion.soap.ITCompareXsdTestx)  Time elapsed: 4.121 s  <<< FAILURE!
java.lang.AssertionError: verificando lista de diferencias expected:<1> but was:<2>
	at co.com.documentacion.soap.ITCompareXsdTestx.compareTest(ITCompareXsdTestx.java:62)

